0:0:0:0:0:0:0:1 - - [18/Jul/2019:10:50:03 +0530] "GET /swagger HTTP/1.1" 200 917 "-" "Mozilla/5.0 (Macintosh; Intel Mac OS X 10_13_6) AppleWebKit/537.36 (KHTML, like Gecko) Chrome/75.0.3770.142 Safari/537.36" 272
0:0:0:0:0:0:0:1 - - [18/Jul/2019:10:50:03 +0530] "GET /swagger-static/swagger-ui.css HTTP/1.1" 200 22889 "http://localhost:29000/swagger" "Mozilla/5.0 (Macintosh; Intel Mac OS X 10_13_6) AppleWebKit/537.36 (KHTML, like Gecko) Chrome/75.0.3770.142 Safari/537.36" 34
0:0:0:0:0:0:0:1 - - [18/Jul/2019:10:50:03 +0530] "GET /swagger-static/swagger-ui-standalone-preset.js HTTP/1.1" 200 101929 "http://localhost:29000/swagger" "Mozilla/5.0 (Macintosh; Intel Mac OS X 10_13_6) AppleWebKit/537.36 (KHTML, like Gecko) Chrome/75.0.3770.142 Safari/537.36" 42
0:0:0:0:0:0:0:1 - - [18/Jul/2019:10:50:03 +0530] "GET /swagger-static/swagger-ui-bundle.js HTTP/1.1" 200 282711 "http://localhost:29000/swagger" "Mozilla/5.0 (Macintosh; Intel Mac OS X 10_13_6) AppleWebKit/537.36 (KHTML, like Gecko) Chrome/75.0.3770.142 Safari/537.36" 75
0:0:0:0:0:0:0:1 - - [18/Jul/2019:10:50:04 +0530] "GET /swagger-static/favicon-32x32.png HTTP/1.1" 200 628 "http://localhost:29000/swagger" "Mozilla/5.0 (Macintosh; Intel Mac OS X 10_13_6) AppleWebKit/537.36 (KHTML, like Gecko) Chrome/75.0.3770.142 Safari/537.36" 1
0:0:0:0:0:0:0:1 - - [18/Jul/2019:10:50:04 +0530] "GET /swagger.json HTTP/1.1" 500 110 "http://localhost:29000/swagger" "Mozilla/5.0 (Macintosh; Intel Mac OS X 10_13_6) AppleWebKit/537.36 (KHTML, like Gecko) Chrome/75.0.3770.142 Safari/537.36" 49
0:0:0:0:0:0:0:1 - - [18/Jul/2019:10:51:23 +0530] "GET /swagger HTTP/1.1" 200 917 "-" "Mozilla/5.0 (Macintosh; Intel Mac OS X 10_13_6) AppleWebKit/537.36 (KHTML, like Gecko) Chrome/75.0.3770.142 Safari/537.36" 285
0:0:0:0:0:0:0:1 - - [18/Jul/2019:10:51:24 +0530] "GET /swagger-static/favicon-32x32.png HTTP/1.1" 200 628 "http://localhost:29000/swagger" "Mozilla/5.0 (Macintosh; Intel Mac OS X 10_13_6) AppleWebKit/537.36 (KHTML, like Gecko) Chrome/75.0.3770.142 Safari/537.36" 12
0:0:0:0:0:0:0:1 - - [18/Jul/2019:10:51:24 +0530] "GET /swagger.json HTTP/1.1" 200 1059 "http://localhost:29000/swagger" "Mozilla/5.0 (Macintosh; Intel Mac OS X 10_13_6) AppleWebKit/537.36 (KHTML, like Gecko) Chrome/75.0.3770.142 Safari/537.36" 94
0:0:0:0:0:0:0:1 - - [18/Jul/2019:10:52:14 +0530] "GET /user/shikher HTTP/1.1" 500 110 "http://localhost:29000/swagger" "Mozilla/5.0 (Macintosh; Intel Mac OS X 10_13_6) AppleWebKit/537.36 (KHTML, like Gecko) Chrome/75.0.3770.142 Safari/537.36" 22
0:0:0:0:0:0:0:1 - - [18/Jul/2019:10:52:56 +0530] "POST /user/shikher/create HTTP/1.1" 200 35 "http://localhost:29000/swagger" "Mozilla/5.0 (Macintosh; Intel Mac OS X 10_13_6) AppleWebKit/537.36 (KHTML, like Gecko) Chrome/75.0.3770.142 Safari/537.36" 10
0:0:0:0:0:0:0:1 - - [18/Jul/2019:10:53:06 +0530] "GET /user/shikher HTTP/1.1" 200 35 "http://localhost:29000/swagger" "Mozilla/5.0 (Macintosh; Intel Mac OS X 10_13_6) AppleWebKit/537.36 (KHTML, like Gecko) Chrome/75.0.3770.142 Safari/537.36" 2
0:0:0:0:0:0:0:1 - - [18/Jul/2019:10:53:25 +0530] "POST /account/shikher/create HTTP/1.1" 200 0 "http://localhost:29000/swagger" "Mozilla/5.0 (Macintosh; Intel Mac OS X 10_13_6) AppleWebKit/537.36 (KHTML, like Gecko) Chrome/75.0.3770.142 Safari/537.36" 12
0:0:0:0:0:0:0:1 - - [18/Jul/2019:10:54:04 +0530] "GET /user/shikher HTTP/1.1" 200 35 "http://localhost:29000/swagger" "Mozilla/5.0 (Macintosh; Intel Mac OS X 10_13_6) AppleWebKit/537.36 (KHTML, like Gecko) Chrome/75.0.3770.142 Safari/537.36" 3
0:0:0:0:0:0:0:1 - - [18/Jul/2019:10:54:07 +0530] "GET /user/shikher HTTP/1.1" 200 35 "http://localhost:29000/swagger" "Mozilla/5.0 (Macintosh; Intel Mac OS X 10_13_6) AppleWebKit/537.36 (KHTML, like Gecko) Chrome/75.0.3770.142 Safari/537.36" 2
0:0:0:0:0:0:0:1 - - [18/Jul/2019:10:54:20 +0530] "GET /user/shikher HTTP/1.1" 200 35 "http://localhost:29000/swagger" "Mozilla/5.0 (Macintosh; Intel Mac OS X 10_13_6) AppleWebKit/537.36 (KHTML, like Gecko) Chrome/75.0.3770.142 Safari/537.36" 2
0:0:0:0:0:0:0:1 - - [18/Jul/2019:10:54:23 +0530] "GET /user/shikher HTTP/1.1" 200 35 "http://localhost:29000/swagger" "Mozilla/5.0 (Macintosh; Intel Mac OS X 10_13_6) AppleWebKit/537.36 (KHTML, like Gecko) Chrome/75.0.3770.142 Safari/537.36" 3
0:0:0:0:0:0:0:1 - - [18/Jul/2019:10:54:26 +0530] "GET /user/shikher HTTP/1.1" 200 35 "http://localhost:29000/swagger" "Mozilla/5.0 (Macintosh; Intel Mac OS X 10_13_6) AppleWebKit/537.36 (KHTML, like Gecko) Chrome/75.0.3770.142 Safari/537.36" 2
0:0:0:0:0:0:0:1 - - [18/Jul/2019:10:54:27 +0530] "GET /user/shikher HTTP/1.1" 200 35 "http://localhost:29000/swagger" "Mozilla/5.0 (Macintosh; Intel Mac OS X 10_13_6) AppleWebKit/537.36 (KHTML, like Gecko) Chrome/75.0.3770.142 Safari/537.36" 2
0:0:0:0:0:0:0:1 - - [18/Jul/2019:10:54:27 +0530] "GET /user/shikher HTTP/1.1" 200 35 "http://localhost:29000/swagger" "Mozilla/5.0 (Macintosh; Intel Mac OS X 10_13_6) AppleWebKit/537.36 (KHTML, like Gecko) Chrome/75.0.3770.142 Safari/537.36" 2
0:0:0:0:0:0:0:1 - - [18/Jul/2019:10:54:27 +0530] "GET /user/shikher HTTP/1.1" 200 35 "http://localhost:29000/swagger" "Mozilla/5.0 (Macintosh; Intel Mac OS X 10_13_6) AppleWebKit/537.36 (KHTML, like Gecko) Chrome/75.0.3770.142 Safari/537.36" 2
0:0:0:0:0:0:0:1 - - [18/Jul/2019:10:54:27 +0530] "GET /user/shikher HTTP/1.1" 200 35 "http://localhost:29000/swagger" "Mozilla/5.0 (Macintosh; Intel Mac OS X 10_13_6) AppleWebKit/537.36 (KHTML, like Gecko) Chrome/75.0.3770.142 Safari/537.36" 2
0:0:0:0:0:0:0:1 - - [18/Jul/2019:10:54:33 +0530] "GET /user/shikher HTTP/1.1" 200 35 "http://localhost:29000/swagger" "Mozilla/5.0 (Macintosh; Intel Mac OS X 10_13_6) AppleWebKit/537.36 (KHTML, like Gecko) Chrome/75.0.3770.142 Safari/537.36" 3
0:0:0:0:0:0:0:1 - - [18/Jul/2019:10:54:33 +0530] "GET /user/shikher HTTP/1.1" 200 35 "http://localhost:29000/swagger" "Mozilla/5.0 (Macintosh; Intel Mac OS X 10_13_6) AppleWebKit/537.36 (KHTML, like Gecko) Chrome/75.0.3770.142 Safari/537.36" 2
0:0:0:0:0:0:0:1 - - [18/Jul/2019:10:54:33 +0530] "GET /user/shikher HTTP/1.1" 200 35 "http://localhost:29000/swagger" "Mozilla/5.0 (Macintosh; Intel Mac OS X 10_13_6) AppleWebKit/537.36 (KHTML, like Gecko) Chrome/75.0.3770.142 Safari/537.36" 2
0:0:0:0:0:0:0:1 - - [18/Jul/2019:10:54:36 +0530] "GET /user/shikher HTTP/1.1" 200 35 "http://localhost:29000/swagger" "Mozilla/5.0 (Macintosh; Intel Mac OS X 10_13_6) AppleWebKit/537.36 (KHTML, like Gecko) Chrome/75.0.3770.142 Safari/537.36" 2
0:0:0:0:0:0:0:1 - - [18/Jul/2019:10:59:57 +0530] "POST /user/shikher/create HTTP/1.1" 200 35 "http://localhost:29000/swagger" "Mozilla/5.0 (Macintosh; Intel Mac OS X 10_13_6) AppleWebKit/537.36 (KHTML, like Gecko) Chrome/75.0.3770.142 Safari/537.36" 109
0:0:0:0:0:0:0:1 - - [18/Jul/2019:11:00:03 +0530] "GET /user/shikher HTTP/1.1" 200 35 "http://localhost:29000/swagger" "Mozilla/5.0 (Macintosh; Intel Mac OS X 10_13_6) AppleWebKit/537.36 (KHTML, like Gecko) Chrome/75.0.3770.142 Safari/537.36" 3497
0:0:0:0:0:0:0:1 - - [18/Jul/2019:11:00:18 +0530] "POST /account/shikher/create HTTP/1.1" 200 0 "http://localhost:29000/swagger" "Mozilla/5.0 (Macintosh; Intel Mac OS X 10_13_6) AppleWebKit/537.36 (KHTML, like Gecko) Chrome/75.0.3770.142 Safari/537.36" 82
0:0:0:0:0:0:0:1 - - [18/Jul/2019:11:00:28 +0530] "GET /user/shikher HTTP/1.1" 200 76 "http://localhost:29000/swagger" "Mozilla/5.0 (Macintosh; Intel Mac OS X 10_13_6) AppleWebKit/537.36 (KHTML, like Gecko) Chrome/75.0.3770.142 Safari/537.36" 3
0:0:0:0:0:0:0:1 - - [18/Jul/2019:11:00:57 +0530] "POST /user/shikher1/create HTTP/1.1" 200 36 "http://localhost:29000/swagger" "Mozilla/5.0 (Macintosh; Intel Mac OS X 10_13_6) AppleWebKit/537.36 (KHTML, like Gecko) Chrome/75.0.3770.142 Safari/537.36" 3
0:0:0:0:0:0:0:1 - - [18/Jul/2019:11:01:11 +0530] "GET /user/shikhe1 HTTP/1.1" 500 110 "http://localhost:29000/swagger" "Mozilla/5.0 (Macintosh; Intel Mac OS X 10_13_6) AppleWebKit/537.36 (KHTML, like Gecko) Chrome/75.0.3770.142 Safari/537.36" 15
0:0:0:0:0:0:0:1 - - [18/Jul/2019:11:01:17 +0530] "GET /user/shikher1 HTTP/1.1" 200 36 "http://localhost:29000/swagger" "Mozilla/5.0 (Macintosh; Intel Mac OS X 10_13_6) AppleWebKit/537.36 (KHTML, like Gecko) Chrome/75.0.3770.142 Safari/537.36" 2
0:0:0:0:0:0:0:1 - - [18/Jul/2019:11:01:23 +0530] "POST /account/shikher1/create HTTP/1.1" 200 0 "http://localhost:29000/swagger" "Mozilla/5.0 (Macintosh; Intel Mac OS X 10_13_6) AppleWebKit/537.36 (KHTML, like Gecko) Chrome/75.0.3770.142 Safari/537.36" 2
0:0:0:0:0:0:0:1 - - [18/Jul/2019:11:01:29 +0530] "GET /user/shikher1 HTTP/1.1" 200 77 "http://localhost:29000/swagger" "Mozilla/5.0 (Macintosh; Intel Mac OS X 10_13_6) AppleWebKit/537.36 (KHTML, like Gecko) Chrome/75.0.3770.142 Safari/537.36" 3
0:0:0:0:0:0:0:1 - - [18/Jul/2019:11:01:51 +0530] "POST /account/shikher/addMoney/20 HTTP/1.1" 500 110 "http://localhost:29000/swagger" "Mozilla/5.0 (Macintosh; Intel Mac OS X 10_13_6) AppleWebKit/537.36 (KHTML, like Gecko) Chrome/75.0.3770.142 Safari/537.36" 4
0:0:0:0:0:0:0:1 - - [18/Jul/2019:11:03:11 +0530] "GET /user/shikher1 HTTP/1.1" 200 77 "http://localhost:29000/swagger" "Mozilla/5.0 (Macintosh; Intel Mac OS X 10_13_6) AppleWebKit/537.36 (KHTML, like Gecko) Chrome/75.0.3770.142 Safari/537.36" 2
0:0:0:0:0:0:0:1 - - [18/Jul/2019:11:03:27 +0530] "GET /user/shikher HTTP/1.1" 200 76 "http://localhost:29000/swagger" "Mozilla/5.0 (Macintosh; Intel Mac OS X 10_13_6) AppleWebKit/537.36 (KHTML, like Gecko) Chrome/75.0.3770.142 Safari/537.36" 2
0:0:0:0:0:0:0:1 - - [18/Jul/2019:11:03:39 +0530] "POST /account/AC_7c8a1c6c-eea3-402e-9de8-4286a7a637b3/addMoney/20 HTTP/1.1" 200 121 "http://localhost:29000/swagger" "Mozilla/5.0 (Macintosh; Intel Mac OS X 10_13_6) AppleWebKit/537.36 (KHTML, like Gecko) Chrome/75.0.3770.142 Safari/537.36" 6043
0:0:0:0:0:0:0:1 - - [18/Jul/2019:11:04:02 +0530] "POST /account/AC_2ce3527e-9231-4787-b975-d9042f7e015b/addMoney/40 HTTP/1.1" 200 122 "http://localhost:29000/swagger" "Mozilla/5.0 (Macintosh; Intel Mac OS X 10_13_6) AppleWebKit/537.36 (KHTML, like Gecko) Chrome/75.0.3770.142 Safari/537.36" 3291
0:0:0:0:0:0:0:1 - - [18/Jul/2019:11:04:42 +0530] "POST /account/AC_2ce3527e-9231-4787-b975-d9042f7e015b/transferMoney/AC_7c8a1c6c-eea3-402e-9de8-4286a7a637b3/20 HTTP/1.1" 200 0 "http://localhost:29000/swagger" "Mozilla/5.0 (Macintosh; Intel Mac OS X 10_13_6) AppleWebKit/537.36 (KHTML, like Gecko) Chrome/75.0.3770.142 Safari/537.36" 3
0:0:0:0:0:0:0:1 - - [18/Jul/2019:11:05:01 +0530] "GET /account/AC_7c8a1c6c-eea3-402e-9de8-4286a7a637b3 HTTP/1.1" 200 121 "http://localhost:29000/swagger" "Mozilla/5.0 (Macintosh; Intel Mac OS X 10_13_6) AppleWebKit/537.36 (KHTML, like Gecko) Chrome/75.0.3770.142 Safari/537.36" 2
0:0:0:0:0:0:0:1 - - [18/Jul/2019:11:05:10 +0530] "GET /account/AC_2ce3527e-9231-4787-b975-d9042f7e015b HTTP/1.1" 200 122 "http://localhost:29000/swagger" "Mozilla/5.0 (Macintosh; Intel Mac OS X 10_13_6) AppleWebKit/537.36 (KHTML, like Gecko) Chrome/75.0.3770.142 Safari/537.36" 2
0:0:0:0:0:0:0:1 - - [18/Jul/2019:11:05:31 +0530] "POST /account/AC_2ce3527e-9231-4787-b975-d9042f7e015b/transferMoney/AC_7c8a1c6c-eea3-402e-9de8-4286a7a637b3/30 HTTP/1.1" 200 0 "http://localhost:29000/swagger" "Mozilla/5.0 (Macintosh; Intel Mac OS X 10_13_6) AppleWebKit/537.36 (KHTML, like Gecko) Chrome/75.0.3770.142 Safari/537.36" 2
0:0:0:0:0:0:0:1 - - [18/Jul/2019:11:05:42 +0530] "GET /account/AC_2ce3527e-9231-4787-b975-d9042f7e015b HTTP/1.1" 200 122 "http://localhost:29000/swagger" "Mozilla/5.0 (Macintosh; Intel Mac OS X 10_13_6) AppleWebKit/537.36 (KHTML, like Gecko) Chrome/75.0.3770.142 Safari/537.36" 2
0:0:0:0:0:0:0:1 - - [18/Jul/2019:11:48:55 +0530] "POST /account/shikher1/create HTTP/1.1" 200 0 "http://localhost:29000/swagger" "Mozilla/5.0 (Macintosh; Intel Mac OS X 10_13_6) AppleWebKit/537.36 (KHTML, like Gecko) Chrome/75.0.3770.142 Safari/537.36" 87
0:0:0:0:0:0:0:1 - - [18/Jul/2019:11:56:55 +0530] "POST /account/shikher1/create HTTP/1.1" 200 0 "http://localhost:29000/swagger" "Mozilla/5.0 (Macintosh; Intel Mac OS X 10_13_6) AppleWebKit/537.36 (KHTML, like Gecko) Chrome/75.0.3770.142 Safari/537.36" 83
0:0:0:0:0:0:0:1 - - [18/Jul/2019:11:57:20 +0530] "POST /user/shikher1/create HTTP/1.1" 200 36 "http://localhost:29000/swagger" "Mozilla/5.0 (Macintosh; Intel Mac OS X 10_13_6) AppleWebKit/537.36 (KHTML, like Gecko) Chrome/75.0.3770.142 Safari/537.36" 4125
0:0:0:0:0:0:0:1 - - [18/Jul/2019:12:02:24 +0530] "GET /swagger HTTP/1.1" 200 917 "-" "Mozilla/5.0 (Macintosh; Intel Mac OS X 10_13_6) AppleWebKit/537.36 (KHTML, like Gecko) Chrome/75.0.3770.142 Safari/537.36" 319
0:0:0:0:0:0:0:1 - - [18/Jul/2019:12:02:25 +0530] "GET /swagger-static/favicon-32x32.png HTTP/1.1" 200 628 "http://localhost:29000/swagger" "Mozilla/5.0 (Macintosh; Intel Mac OS X 10_13_6) AppleWebKit/537.36 (KHTML, like Gecko) Chrome/75.0.3770.142 Safari/537.36" 24
0:0:0:0:0:0:0:1 - - [18/Jul/2019:12:02:25 +0530] "GET /swagger.json HTTP/1.1" 200 1095 "http://localhost:29000/swagger" "Mozilla/5.0 (Macintosh; Intel Mac OS X 10_13_6) AppleWebKit/537.36 (KHTML, like Gecko) Chrome/75.0.3770.142 Safari/537.36" 110
0:0:0:0:0:0:0:1 - - [18/Jul/2019:12:02:37 +0530] "POST /user/shikher/create HTTP/1.1" 200 35 "http://localhost:29000/swagger" "Mozilla/5.0 (Macintosh; Intel Mac OS X 10_13_6) AppleWebKit/537.36 (KHTML, like Gecko) Chrome/75.0.3770.142 Safari/537.36" 2806
0:0:0:0:0:0:0:1 - - [18/Jul/2019:12:03:03 +0530] "GET /user/shikher HTTP/1.1" 200 35 "http://localhost:29000/swagger" "Mozilla/5.0 (Macintosh; Intel Mac OS X 10_13_6) AppleWebKit/537.36 (KHTML, like Gecko) Chrome/75.0.3770.142 Safari/537.36" 4
0:0:0:0:0:0:0:1 - - [18/Jul/2019:12:03:19 +0530] "POST /account/shikher/create HTTP/1.1" 200 120 "http://localhost:29000/swagger" "Mozilla/5.0 (Macintosh; Intel Mac OS X 10_13_6) AppleWebKit/537.36 (KHTML, like Gecko) Chrome/75.0.3770.142 Safari/537.36" 22
0:0:0:0:0:0:0:1 - - [18/Jul/2019:12:03:41 +0530] "POST /user/shikher2/create HTTP/1.1" 200 36 "http://localhost:29000/swagger" "Mozilla/5.0 (Macintosh; Intel Mac OS X 10_13_6) AppleWebKit/537.36 (KHTML, like Gecko) Chrome/75.0.3770.142 Safari/537.36" 3
0:0:0:0:0:0:0:1 - - [18/Jul/2019:12:03:48 +0530] "GET /user/shikher2 HTTP/1.1" 200 36 "http://localhost:29000/swagger" "Mozilla/5.0 (Macintosh; Intel Mac OS X 10_13_6) AppleWebKit/537.36 (KHTML, like Gecko) Chrome/75.0.3770.142 Safari/537.36" 3
0:0:0:0:0:0:0:1 - - [18/Jul/2019:12:04:07 +0530] "POST /account/shikher2/create HTTP/1.1" 200 121 "http://localhost:29000/swagger" "Mozilla/5.0 (Macintosh; Intel Mac OS X 10_13_6) AppleWebKit/537.36 (KHTML, like Gecko) Chrome/75.0.3770.142 Safari/537.36" 2
0:0:0:0:0:0:0:1 - - [18/Jul/2019:12:04:18 +0530] "POST /account/shikher3/create HTTP/1.1" 200 121 "http://localhost:29000/swagger" "Mozilla/5.0 (Macintosh; Intel Mac OS X 10_13_6) AppleWebKit/537.36 (KHTML, like Gecko) Chrome/75.0.3770.142 Safari/537.36" 2
0:0:0:0:0:0:0:1 - - [18/Jul/2019:12:04:46 +0530] "POST /account/AC_0c068f30-5c80-4055-add7-f3cc44fcc779/addMoney/50 HTTP/1.1" 200 121 "http://localhost:29000/swagger" "Mozilla/5.0 (Macintosh; Intel Mac OS X 10_13_6) AppleWebKit/537.36 (KHTML, like Gecko) Chrome/75.0.3770.142 Safari/537.36" 3
0:0:0:0:0:0:0:1 - - [18/Jul/2019:12:06:02 +0530] "GET /user/shikher2 HTTP/1.1" 200 77 "http://localhost:29000/swagger" "Mozilla/5.0 (Macintosh; Intel Mac OS X 10_13_6) AppleWebKit/537.36 (KHTML, like Gecko) Chrome/75.0.3770.142 Safari/537.36" 2
0:0:0:0:0:0:0:1 - - [18/Jul/2019:12:06:16 +0530] "POST /account/AC_113fa273-5113-4110-8e0d-e293b0bbc212/addMoney/100 HTTP/1.1" 200 123 "http://localhost:29000/swagger" "Mozilla/5.0 (Macintosh; Intel Mac OS X 10_13_6) AppleWebKit/537.36 (KHTML, like Gecko) Chrome/75.0.3770.142 Safari/537.36" 2
0:0:0:0:0:0:0:1 - - [18/Jul/2019:12:06:33 +0530] "POST /account/AC_113fa273-5113-4110-8e0d-e293b0bbc212/transferMoney/AC_0c068f30-5c80-4055-add7-f3cc44fcc779/20 HTTP/1.1" 200 212 "http://localhost:29000/swagger" "Mozilla/5.0 (Macintosh; Intel Mac OS X 10_13_6) AppleWebKit/537.36 (KHTML, like Gecko) Chrome/75.0.3770.142 Safari/537.36" 7
0:0:0:0:0:0:0:1 - - [18/Jul/2019:12:06:57 +0530] "GET /account/AC_0c068f30-5c80-4055-add7-f3cc44fcc779 HTTP/1.1" 200 121 "http://localhost:29000/swagger" "Mozilla/5.0 (Macintosh; Intel Mac OS X 10_13_6) AppleWebKit/537.36 (KHTML, like Gecko) Chrome/75.0.3770.142 Safari/537.36" 3
0:0:0:0:0:0:0:1 - - [18/Jul/2019:12:07:03 +0530] "GET /account/AC_113fa273-5113-4110-8e0d-e293b0bbc212 HTTP/1.1" 200 122 "http://localhost:29000/swagger" "Mozilla/5.0 (Macintosh; Intel Mac OS X 10_13_6) AppleWebKit/537.36 (KHTML, like Gecko) Chrome/75.0.3770.142 Safari/537.36" 2
0:0:0:0:0:0:0:1 - - [18/Jul/2019:12:37:52 +0530] "POST /account/shikher3/create HTTP/1.1" 400 209 "http://localhost:29000/swagger" "Mozilla/5.0 (Macintosh; Intel Mac OS X 10_13_6) AppleWebKit/537.36 (KHTML, like Gecko) Chrome/75.0.3770.142 Safari/537.36" 178
0:0:0:0:0:0:0:1 - - [18/Jul/2019:12:39:53 +0530] "GET /user/shikher2 HTTP/1.1" 400 209 "http://localhost:29000/swagger" "Mozilla/5.0 (Macintosh; Intel Mac OS X 10_13_6) AppleWebKit/537.36 (KHTML, like Gecko) Chrome/75.0.3770.142 Safari/537.36" 6
0:0:0:0:0:0:0:1 - - [18/Jul/2019:12:40:02 +0530] "POST /user/shikher2/create HTTP/1.1" 200 36 "http://localhost:29000/swagger" "Mozilla/5.0 (Macintosh; Intel Mac OS X 10_13_6) AppleWebKit/537.36 (KHTML, like Gecko) Chrome/75.0.3770.142 Safari/537.36" 9
0:0:0:0:0:0:0:1 - - [18/Jul/2019:12:40:05 +0530] "POST /user/shikher2/create HTTP/1.1" 400 217 "http://localhost:29000/swagger" "Mozilla/5.0 (Macintosh; Intel Mac OS X 10_13_6) AppleWebKit/537.36 (KHTML, like Gecko) Chrome/75.0.3770.142 Safari/537.36" 2
0:0:0:0:0:0:0:1 - - [18/Jul/2019:12:42:14 +0530] "POST /user/shikher1/create HTTP/1.1" 200 36 "http://localhost:29000/swagger" "Mozilla/5.0 (Macintosh; Intel Mac OS X 10_13_6) AppleWebKit/537.36 (KHTML, like Gecko) Chrome/75.0.3770.142 Safari/537.36" 2
0:0:0:0:0:0:0:1 - - [18/Jul/2019:12:42:25 +0530] "POST /account/shikher1/create HTTP/1.1" 200 121 "http://localhost:29000/swagger" "Mozilla/5.0 (Macintosh; Intel Mac OS X 10_13_6) AppleWebKit/537.36 (KHTML, like Gecko) Chrome/75.0.3770.142 Safari/537.36" 7
0:0:0:0:0:0:0:1 - - [18/Jul/2019:12:42:34 +0530] "POST /account/shikher2/create HTTP/1.1" 200 121 "http://localhost:29000/swagger" "Mozilla/5.0 (Macintosh; Intel Mac OS X 10_13_6) AppleWebKit/537.36 (KHTML, like Gecko) Chrome/75.0.3770.142 Safari/537.36" 2
0:0:0:0:0:0:0:1 - - [18/Jul/2019:12:42:47 +0530] "GET /user/shikher2 HTTP/1.1" 200 77 "http://localhost:29000/swagger" "Mozilla/5.0 (Macintosh; Intel Mac OS X 10_13_6) AppleWebKit/537.36 (KHTML, like Gecko) Chrome/75.0.3770.142 Safari/537.36" 3
0:0:0:0:0:0:0:1 - - [18/Jul/2019:12:42:57 +0530] "GET /user/shikher1 HTTP/1.1" 200 77 "http://localhost:29000/swagger" "Mozilla/5.0 (Macintosh; Intel Mac OS X 10_13_6) AppleWebKit/537.36 (KHTML, like Gecko) Chrome/75.0.3770.142 Safari/537.36" 3
0:0:0:0:0:0:0:1 - - [18/Jul/2019:12:43:23 +0530] "POST /account/AC_b18df1a7-8178-4d59-ada2-2cee3960011d/addMoney/100 HTTP/1.1" 200 123 "http://localhost:29000/swagger" "Mozilla/5.0 (Macintosh; Intel Mac OS X 10_13_6) AppleWebKit/537.36 (KHTML, like Gecko) Chrome/75.0.3770.142 Safari/537.36" 3
0:0:0:0:0:0:0:1 - - [18/Jul/2019:12:43:35 +0530] "POST /account/AC_2d058290-c2f2-4283-a862-16c98a71a948/addMoney/200 HTTP/1.1" 200 123 "http://localhost:29000/swagger" "Mozilla/5.0 (Macintosh; Intel Mac OS X 10_13_6) AppleWebKit/537.36 (KHTML, like Gecko) Chrome/75.0.3770.142 Safari/537.36" 2
0:0:0:0:0:0:0:1 - - [18/Jul/2019:12:44:06 +0530] "GET /swagger-static/swagger-ui.css.map HTTP/1.1" 200 91 "-" "Mozilla/5.0 (Macintosh; Intel Mac OS X 10_13_6) AppleWebKit/537.36 (KHTML, like Gecko) Chrome/75.0.3770.142 Safari/537.36" 10
0:0:0:0:0:0:0:1 - - [18/Jul/2019:12:44:06 +0530] "GET /swagger-static/swagger-ui-standalone-preset.js.map HTTP/1.1" 200 368705 "-" "Mozilla/5.0 (Macintosh; Intel Mac OS X 10_13_6) AppleWebKit/537.36 (KHTML, like Gecko) Chrome/75.0.3770.142 Safari/537.36" 121
0:0:0:0:0:0:0:1 - - [18/Jul/2019:12:44:06 +0530] "GET /swagger-static/swagger-ui-bundle.js.map HTTP/1.1" 200 1042155 "-" "Mozilla/5.0 (Macintosh; Intel Mac OS X 10_13_6) AppleWebKit/537.36 (KHTML, like Gecko) Chrome/75.0.3770.142 Safari/537.36" 276
0:0:0:0:0:0:0:1 - - [18/Jul/2019:12:44:12 +0530] "GET /swagger-static/swagger-ui.css.map HTTP/1.1" 200 91 "-" "Mozilla/5.0 (Macintosh; Intel Mac OS X 10_13_6) AppleWebKit/537.36 (KHTML, like Gecko) Chrome/75.0.3770.142 Safari/537.36" 1
0:0:0:0:0:0:0:1 - - [18/Jul/2019:12:44:12 +0530] "GET /swagger-static/swagger-ui-standalone-preset.js.map HTTP/1.1" 200 368705 "-" "Mozilla/5.0 (Macintosh; Intel Mac OS X 10_13_6) AppleWebKit/537.36 (KHTML, like Gecko) Chrome/75.0.3770.142 Safari/537.36" 88
0:0:0:0:0:0:0:1 - - [18/Jul/2019:12:44:12 +0530] "GET /swagger-static/swagger-ui-bundle.js.map HTTP/1.1" 200 1042155 "-" "Mozilla/5.0 (Macintosh; Intel Mac OS X 10_13_6) AppleWebKit/537.36 (KHTML, like Gecko) Chrome/75.0.3770.142 Safari/537.36" 237
0:0:0:0:0:0:0:1 - - [18/Jul/2019:12:44:23 +0530] "POST /account/AC_2d058290-c2f2-4283-a862-16c98a71a948/transferMoney/AC_b18df1a7-8178-4d59-ada2-2cee3960011d/50 HTTP/1.1" 200 212 "http://localhost:29000/swagger" "Mozilla/5.0 (Macintosh; Intel Mac OS X 10_13_6) AppleWebKit/537.36 (KHTML, like Gecko) Chrome/75.0.3770.142 Safari/537.36" 7
0:0:0:0:0:0:0:1 - - [18/Jul/2019:12:44:27 +0530] "POST /account/AC_2d058290-c2f2-4283-a862-16c98a71a948/transferMoney/AC_b18df1a7-8178-4d59-ada2-2cee3960011d/20 HTTP/1.1" 200 212 "http://localhost:29000/swagger" "Mozilla/5.0 (Macintosh; Intel Mac OS X 10_13_6) AppleWebKit/537.36 (KHTML, like Gecko) Chrome/75.0.3770.142 Safari/537.36" 3
0:0:0:0:0:0:0:1 - - [18/Jul/2019:12:44:30 +0530] "POST /account/AC_2d058290-c2f2-4283-a862-16c98a71a948/transferMoney/AC_b18df1a7-8178-4d59-ada2-2cee3960011d/10 HTTP/1.1" 200 212 "http://localhost:29000/swagger" "Mozilla/5.0 (Macintosh; Intel Mac OS X 10_13_6) AppleWebKit/537.36 (KHTML, like Gecko) Chrome/75.0.3770.142 Safari/537.36" 3
0:0:0:0:0:0:0:1 - - [18/Jul/2019:12:44:42 +0530] "GET /user/shikher1/transactions/10 HTTP/1.1" 200 247 "http://localhost:29000/swagger" "Mozilla/5.0 (Macintosh; Intel Mac OS X 10_13_6) AppleWebKit/537.36 (KHTML, like Gecko) Chrome/75.0.3770.142 Safari/537.36" 4
0:0:0:0:0:0:0:1 - - [18/Jul/2019:12:49:09 +0530] "POST /user/shikher1/create HTTP/1.1" 200 36 "http://localhost:29000/swagger" "Mozilla/5.0 (Macintosh; Intel Mac OS X 10_13_6) AppleWebKit/537.36 (KHTML, like Gecko) Chrome/75.0.3770.142 Safari/537.36" 106
0:0:0:0:0:0:0:1 - - [18/Jul/2019:12:49:11 +0530] "POST /user/shikher2/create HTTP/1.1" 200 36 "http://localhost:29000/swagger" "Mozilla/5.0 (Macintosh; Intel Mac OS X 10_13_6) AppleWebKit/537.36 (KHTML, like Gecko) Chrome/75.0.3770.142 Safari/537.36" 3
0:0:0:0:0:0:0:1 - - [18/Jul/2019:12:49:15 +0530] "POST /account/shikher1/create HTTP/1.1" 200 121 "http://localhost:29000/swagger" "Mozilla/5.0 (Macintosh; Intel Mac OS X 10_13_6) AppleWebKit/537.36 (KHTML, like Gecko) Chrome/75.0.3770.142 Safari/537.36" 77
0:0:0:0:0:0:0:1 - - [18/Jul/2019:12:49:21 +0530] "POST /account/shikher2/create HTTP/1.1" 200 121 "http://localhost:29000/swagger" "Mozilla/5.0 (Macintosh; Intel Mac OS X 10_13_6) AppleWebKit/537.36 (KHTML, like Gecko) Chrome/75.0.3770.142 Safari/537.36" 3
0:0:0:0:0:0:0:1 - - [18/Jul/2019:12:49:34 +0530] "POST /account/AC_5eb1ea8b-8fb4-4707-b637-aba1a9c5237e/addMoney/200 HTTP/1.1" 200 123 "http://localhost:29000/swagger" "Mozilla/5.0 (Macintosh; Intel Mac OS X 10_13_6) AppleWebKit/537.36 (KHTML, like Gecko) Chrome/75.0.3770.142 Safari/537.36" 5
0:0:0:0:0:0:0:1 - - [18/Jul/2019:12:49:41 +0530] "POST /account/AC_13a590f4-1aec-49ad-b418-9e802d6a82c1/addMoney/100 HTTP/1.1" 200 123 "http://localhost:29000/swagger" "Mozilla/5.0 (Macintosh; Intel Mac OS X 10_13_6) AppleWebKit/537.36 (KHTML, like Gecko) Chrome/75.0.3770.142 Safari/537.36" 2
0:0:0:0:0:0:0:1 - - [18/Jul/2019:12:49:58 +0530] "POST /account/AC_5eb1ea8b-8fb4-4707-b637-aba1a9c5237e/transferMoney/AC_13a590f4-1aec-49ad-b418-9e802d6a82c1/50 HTTP/1.1" 200 212 "http://localhost:29000/swagger" "Mozilla/5.0 (Macintosh; Intel Mac OS X 10_13_6) AppleWebKit/537.36 (KHTML, like Gecko) Chrome/75.0.3770.142 Safari/537.36" 6
0:0:0:0:0:0:0:1 - - [18/Jul/2019:12:50:02 +0530] "POST /account/AC_5eb1ea8b-8fb4-4707-b637-aba1a9c5237e/transferMoney/AC_13a590f4-1aec-49ad-b418-9e802d6a82c1/30 HTTP/1.1" 200 212 "http://localhost:29000/swagger" "Mozilla/5.0 (Macintosh; Intel Mac OS X 10_13_6) AppleWebKit/537.36 (KHTML, like Gecko) Chrome/75.0.3770.142 Safari/537.36" 4
0:0:0:0:0:0:0:1 - - [18/Jul/2019:12:50:07 +0530] "POST /account/AC_5eb1ea8b-8fb4-4707-b637-aba1a9c5237e/transferMoney/AC_13a590f4-1aec-49ad-b418-9e802d6a82c1/20 HTTP/1.1" 200 212 "http://localhost:29000/swagger" "Mozilla/5.0 (Macintosh; Intel Mac OS X 10_13_6) AppleWebKit/537.36 (KHTML, like Gecko) Chrome/75.0.3770.142 Safari/537.36" 2
0:0:0:0:0:0:0:1 - - [18/Jul/2019:12:50:28 +0530] "GET /user/shikher1/transactions/10 HTTP/1.1" 200 245 "http://localhost:29000/swagger" "Mozilla/5.0 (Macintosh; Intel Mac OS X 10_13_6) AppleWebKit/537.36 (KHTML, like Gecko) Chrome/75.0.3770.142 Safari/537.36" 8
0:0:0:0:0:0:0:1 - - [18/Jul/2019:12:50:53 +0530] "GET /user/shikher2/transactions/10 HTTP/1.1" 200 245 "http://localhost:29000/swagger" "Mozilla/5.0 (Macintosh; Intel Mac OS X 10_13_6) AppleWebKit/537.36 (KHTML, like Gecko) Chrome/75.0.3770.142 Safari/537.36" 3
0:0:0:0:0:0:0:1 - - [18/Jul/2019:12:51:55 +0530] "GET /user/shikher1 HTTP/1.1" 200 77 "http://localhost:29000/swagger" "Mozilla/5.0 (Macintosh; Intel Mac OS X 10_13_6) AppleWebKit/537.36 (KHTML, like Gecko) Chrome/75.0.3770.142 Safari/537.36" 3
0:0:0:0:0:0:0:1 - - [18/Jul/2019:13:05:38 +0530] "POST /user/shikher1/create HTTP/1.1" 200 36 "http://localhost:29000/swagger" "Mozilla/5.0 (Macintosh; Intel Mac OS X 10_13_6) AppleWebKit/537.36 (KHTML, like Gecko) Chrome/75.0.3770.142 Safari/537.36" 127
0:0:0:0:0:0:0:1 - - [18/Jul/2019:13:05:42 +0530] "POST /user/shikher2/create HTTP/1.1" 200 36 "http://localhost:29000/swagger" "Mozilla/5.0 (Macintosh; Intel Mac OS X 10_13_6) AppleWebKit/537.36 (KHTML, like Gecko) Chrome/75.0.3770.142 Safari/537.36" 3
0:0:0:0:0:0:0:1 - - [18/Jul/2019:13:05:51 +0530] "GET /swagger HTTP/1.1" 200 917 "-" "Mozilla/5.0 (Macintosh; Intel Mac OS X 10_13_6) AppleWebKit/537.36 (KHTML, like Gecko) Chrome/75.0.3770.142 Safari/537.36" 251
0:0:0:0:0:0:0:1 - - [18/Jul/2019:13:05:52 +0530] "GET /swagger-static/favicon-32x32.png HTTP/1.1" 200 628 "http://localhost:29000/swagger" "Mozilla/5.0 (Macintosh; Intel Mac OS X 10_13_6) AppleWebKit/537.36 (KHTML, like Gecko) Chrome/75.0.3770.142 Safari/537.36" 18
0:0:0:0:0:0:0:1 - - [18/Jul/2019:13:05:52 +0530] "GET /swagger.json HTTP/1.1" 200 1155 "http://localhost:29000/swagger" "Mozilla/5.0 (Macintosh; Intel Mac OS X 10_13_6) AppleWebKit/537.36 (KHTML, like Gecko) Chrome/75.0.3770.142 Safari/537.36" 83
0:0:0:0:0:0:0:1 - - [18/Jul/2019:13:06:04 +0530] "GET /user/shikher1/detailed HTTP/1.1" 200 47 "http://localhost:29000/swagger" "Mozilla/5.0 (Macintosh; Intel Mac OS X 10_13_6) AppleWebKit/537.36 (KHTML, like Gecko) Chrome/75.0.3770.142 Safari/537.36" 7
0:0:0:0:0:0:0:1 - - [18/Jul/2019:13:06:26 +0530] "POST /account/shikher1/create HTTP/1.1" 200 121 "http://localhost:29000/swagger" "Mozilla/5.0 (Macintosh; Intel Mac OS X 10_13_6) AppleWebKit/537.36 (KHTML, like Gecko) Chrome/75.0.3770.142 Safari/537.36" 18
0:0:0:0:0:0:0:1 - - [18/Jul/2019:13:06:29 +0530] "POST /account/shikher2/create HTTP/1.1" 200 121 "http://localhost:29000/swagger" "Mozilla/5.0 (Macintosh; Intel Mac OS X 10_13_6) AppleWebKit/537.36 (KHTML, like Gecko) Chrome/75.0.3770.142 Safari/537.36" 3
0:0:0:0:0:0:0:1 - - [18/Jul/2019:13:06:36 +0530] "GET /user/shikher1/detailed HTTP/1.1" 200 168 "http://localhost:29000/swagger" "Mozilla/5.0 (Macintosh; Intel Mac OS X 10_13_6) AppleWebKit/537.36 (KHTML, like Gecko) Chrome/75.0.3770.142 Safari/537.36" 2
0:0:0:0:0:0:0:1 - - [18/Jul/2019:13:07:37 +0530] "POST /account/AC_47dbdc0c-1412-43dd-aedf-15f7f9d16595/addMoney/100 HTTP/1.1" 200 123 "http://localhost:29000/swagger" "Mozilla/5.0 (Macintosh; Intel Mac OS X 10_13_6) AppleWebKit/537.36 (KHTML, like Gecko) Chrome/75.0.3770.142 Safari/537.36" 3
0:0:0:0:0:0:0:1 - - [18/Jul/2019:13:07:42 +0530] "GET /user/shikher1/detailed HTTP/1.1" 200 170 "http://localhost:29000/swagger" "Mozilla/5.0 (Macintosh; Intel Mac OS X 10_13_6) AppleWebKit/537.36 (KHTML, like Gecko) Chrome/75.0.3770.142 Safari/537.36" 3
0:0:0:0:0:0:0:1 - - [18/Jul/2019:13:07:46 +0530] "GET /user/shikher2/detailed HTTP/1.1" 200 168 "http://localhost:29000/swagger" "Mozilla/5.0 (Macintosh; Intel Mac OS X 10_13_6) AppleWebKit/537.36 (KHTML, like Gecko) Chrome/75.0.3770.142 Safari/537.36" 2
0:0:0:0:0:0:0:1 - - [18/Jul/2019:13:07:54 +0530] "POST /account/AC_31d90201-5dab-4a84-b2d0-85e8825b7ddf/addMoney/200 HTTP/1.1" 200 123 "http://localhost:29000/swagger" "Mozilla/5.0 (Macintosh; Intel Mac OS X 10_13_6) AppleWebKit/537.36 (KHTML, like Gecko) Chrome/75.0.3770.142 Safari/537.36" 2
0:0:0:0:0:0:0:1 - - [18/Jul/2019:13:07:57 +0530] "GET /user/shikher2/detailed HTTP/1.1" 200 170 "http://localhost:29000/swagger" "Mozilla/5.0 (Macintosh; Intel Mac OS X 10_13_6) AppleWebKit/537.36 (KHTML, like Gecko) Chrome/75.0.3770.142 Safari/537.36" 2
0:0:0:0:0:0:0:1 - - [18/Jul/2019:13:08:57 +0530] "POST /account/AC_47dbdc0c-1412-43dd-aedf-15f7f9d16595/transferMoney/AC_31d90201-5dab-4a84-b2d0-85e8825b7ddf/50 HTTP/1.1" 200 212 "http://localhost:29000/swagger" "Mozilla/5.0 (Macintosh; Intel Mac OS X 10_13_6) AppleWebKit/537.36 (KHTML, like Gecko) Chrome/75.0.3770.142 Safari/537.36" 9
0:0:0:0:0:0:0:1 - - [18/Jul/2019:13:09:05 +0530] "GET /user/shikher2/detailed HTTP/1.1" 200 170 "http://localhost:29000/swagger" "Mozilla/5.0 (Macintosh; Intel Mac OS X 10_13_6) AppleWebKit/537.36 (KHTML, like Gecko) Chrome/75.0.3770.142 Safari/537.36" 3
0:0:0:0:0:0:0:1 - - [18/Jul/2019:13:09:10 +0530] "GET /user/shikher1/detailed HTTP/1.1" 200 169 "http://localhost:29000/swagger" "Mozilla/5.0 (Macintosh; Intel Mac OS X 10_13_6) AppleWebKit/537.36 (KHTML, like Gecko) Chrome/75.0.3770.142 Safari/537.36" 3
0:0:0:0:0:0:0:1 - - [18/Jul/2019:13:09:49 +0530] "POST /account/AC_47dbdc0c-1412-43dd-aedf-15f7f9d16595/transferMoney/AC_31d90201-5dab-4a84-b2d0-85e8825b7ddf/50 HTTP/1.1" 200 212 "http://localhost:29000/swagger" "Mozilla/5.0 (Macintosh; Intel Mac OS X 10_13_6) AppleWebKit/537.36 (KHTML, like Gecko) Chrome/75.0.3770.142 Safari/537.36" 2
0:0:0:0:0:0:0:1 - - [18/Jul/2019:13:09:55 +0530] "GET /user/shikher1/detailed HTTP/1.1" 200 168 "http://localhost:29000/swagger" "Mozilla/5.0 (Macintosh; Intel Mac OS X 10_13_6) AppleWebKit/537.36 (KHTML, like Gecko) Chrome/75.0.3770.142 Safari/537.36" 2
0:0:0:0:0:0:0:1 - - [18/Jul/2019:13:09:59 +0530] "POST /account/AC_47dbdc0c-1412-43dd-aedf-15f7f9d16595/transferMoney/AC_31d90201-5dab-4a84-b2d0-85e8825b7ddf/50 HTTP/1.1" 500 211 "http://localhost:29000/swagger" "Mozilla/5.0 (Macintosh; Intel Mac OS X 10_13_6) AppleWebKit/537.36 (KHTML, like Gecko) Chrome/75.0.3770.142 Safari/537.36" 9
0:0:0:0:0:0:0:1 - - [18/Jul/2019:13:10:08 +0530] "GET /user/shikher1/detailed HTTP/1.1" 200 168 "http://localhost:29000/swagger" "Mozilla/5.0 (Macintosh; Intel Mac OS X 10_13_6) AppleWebKit/537.36 (KHTML, like Gecko) Chrome/75.0.3770.142 Safari/537.36" 2
0:0:0:0:0:0:0:1 - - [18/Jul/2019:13:10:29 +0530] "GET /user/shikher1/transactions/10 HTTP/1.1" 200 260 "http://localhost:29000/swagger" "Mozilla/5.0 (Macintosh; Intel Mac OS X 10_13_6) AppleWebKit/537.36 (KHTML, like Gecko) Chrome/75.0.3770.142 Safari/537.36" 4
0:0:0:0:0:0:0:1 - - [18/Jul/2019:13:10:40 +0530] "GET /user/shikher2/transactions/10 HTTP/1.1" 200 260 "http://localhost:29000/swagger" "Mozilla/5.0 (Macintosh; Intel Mac OS X 10_13_6) AppleWebKit/537.36 (KHTML, like Gecko) Chrome/75.0.3770.142 Safari/537.36" 2
0:0:0:0:0:0:0:1 - - [18/Jul/2019:13:13:53 +0530] "POST /user/shikher1/create HTTP/1.1" 200 36 "http://localhost:29000/swagger" "Mozilla/5.0 (Macintosh; Intel Mac OS X 10_13_6) AppleWebKit/537.36 (KHTML, like Gecko) Chrome/75.0.3770.142 Safari/537.36" 130
0:0:0:0:0:0:0:1 - - [18/Jul/2019:13:13:56 +0530] "POST /user/shikher2/create HTTP/1.1" 200 36 "http://localhost:29000/swagger" "Mozilla/5.0 (Macintosh; Intel Mac OS X 10_13_6) AppleWebKit/537.36 (KHTML, like Gecko) Chrome/75.0.3770.142 Safari/537.36" 4
0:0:0:0:0:0:0:1 - - [18/Jul/2019:13:14:03 +0530] "POST /account/shikher2/create HTTP/1.1" 200 121 "http://localhost:29000/swagger" "Mozilla/5.0 (Macintosh; Intel Mac OS X 10_13_6) AppleWebKit/537.36 (KHTML, like Gecko) Chrome/75.0.3770.142 Safari/537.36" 85
0:0:0:0:0:0:0:1 - - [18/Jul/2019:13:14:05 +0530] "POST /account/shikher1/create HTTP/1.1" 200 121 "http://localhost:29000/swagger" "Mozilla/5.0 (Macintosh; Intel Mac OS X 10_13_6) AppleWebKit/537.36 (KHTML, like Gecko) Chrome/75.0.3770.142 Safari/537.36" 3
0:0:0:0:0:0:0:1 - - [18/Jul/2019:13:14:08 +0530] "POST /account/shikher1/create HTTP/1.1" 200 121 "http://localhost:29000/swagger" "Mozilla/5.0 (Macintosh; Intel Mac OS X 10_13_6) AppleWebKit/537.36 (KHTML, like Gecko) Chrome/75.0.3770.142 Safari/537.36" 2
0:0:0:0:0:0:0:1 - - [18/Jul/2019:13:27:03 +0530] "GET /swagger HTTP/1.1" 200 917 "-" "Mozilla/5.0 (Macintosh; Intel Mac OS X 10_13_6) AppleWebKit/537.36 (KHTML, like Gecko) Chrome/75.0.3770.142 Safari/537.36" 378
0:0:0:0:0:0:0:1 - - [18/Jul/2019:13:27:03 +0530] "GET /swagger HTTP/1.1" 200 917 "-" "Mozilla/5.0 (Macintosh; Intel Mac OS X 10_13_6) AppleWebKit/537.36 (KHTML, like Gecko) Chrome/75.0.3770.142 Safari/537.36" 378
0:0:0:0:0:0:0:1 - - [18/Jul/2019:13:27:03 +0530] "GET /swagger HTTP/1.1" 200 917 "-" "Mozilla/5.0 (Macintosh; Intel Mac OS X 10_13_6) AppleWebKit/537.36 (KHTML, like Gecko) Chrome/75.0.3770.142 Safari/537.36" 135
0:0:0:0:0:0:0:1 - - [18/Jul/2019:13:27:03 +0530] "GET /swagger HTTP/1.1" 200 917 "-" "Mozilla/5.0 (Macintosh; Intel Mac OS X 10_13_6) AppleWebKit/537.36 (KHTML, like Gecko) Chrome/75.0.3770.142 Safari/537.36" 359
0:0:0:0:0:0:0:1 - - [18/Jul/2019:13:27:03 +0530] "GET /swagger HTTP/1.1" 200 917 "-" "Mozilla/5.0 (Macintosh; Intel Mac OS X 10_13_6) AppleWebKit/537.36 (KHTML, like Gecko) Chrome/75.0.3770.142 Safari/537.36" 378
0:0:0:0:0:0:0:1 - - [18/Jul/2019:13:27:04 +0530] "GET /swagger-static/favicon-32x32.png HTTP/1.1" 200 628 "http://localhost:29000/swagger" "Mozilla/5.0 (Macintosh; Intel Mac OS X 10_13_6) AppleWebKit/537.36 (KHTML, like Gecko) Chrome/75.0.3770.142 Safari/537.36" 17
0:0:0:0:0:0:0:1 - - [18/Jul/2019:13:27:04 +0530] "GET /swagger HTTP/1.1" 200 917 "-" "Mozilla/5.0 (Macintosh; Intel Mac OS X 10_13_6) AppleWebKit/537.36 (KHTML, like Gecko) Chrome/75.0.3770.142 Safari/537.36" 4
0:0:0:0:0:0:0:1 - - [18/Jul/2019:13:27:04 +0530] "GET /swagger.json HTTP/1.1" 200 1156 "http://localhost:29000/swagger" "Mozilla/5.0 (Macintosh; Intel Mac OS X 10_13_6) AppleWebKit/537.36 (KHTML, like Gecko) Chrome/75.0.3770.142 Safari/537.36" 111
0:0:0:0:0:0:0:1 - - [18/Jul/2019:13:27:04 +0530] "GET /swagger-static/favicon-32x32.png HTTP/1.1" 200 628 "http://localhost:29000/swagger" "Mozilla/5.0 (Macintosh; Intel Mac OS X 10_13_6) AppleWebKit/537.36 (KHTML, like Gecko) Chrome/75.0.3770.142 Safari/537.36" 2
0:0:0:0:0:0:0:1 - - [18/Jul/2019:13:27:04 +0530] "GET /swagger.json HTTP/1.1" 200 1156 "http://localhost:29000/swagger" "Mozilla/5.0 (Macintosh; Intel Mac OS X 10_13_6) AppleWebKit/537.36 (KHTML, like Gecko) Chrome/75.0.3770.142 Safari/537.36" 21
0:0:0:0:0:0:0:1 - - [18/Jul/2019:13:27:20 +0530] "POST /user/shikher1/create HTTP/1.1" 200 36 "http://localhost:29000/swagger" "Mozilla/5.0 (Macintosh; Intel Mac OS X 10_13_6) AppleWebKit/537.36 (KHTML, like Gecko) Chrome/75.0.3770.142 Safari/537.36" 18
0:0:0:0:0:0:0:1 - - [18/Jul/2019:13:27:23 +0530] "POST /user/shikher2/create HTTP/1.1" 200 36 "http://localhost:29000/swagger" "Mozilla/5.0 (Macintosh; Intel Mac OS X 10_13_6) AppleWebKit/537.36 (KHTML, like Gecko) Chrome/75.0.3770.142 Safari/537.36" 2
0:0:0:0:0:0:0:1 - - [18/Jul/2019:13:27:48 +0530] "POST /account/shikher1/create HTTP/1.1" 200 121 "http://localhost:29000/swagger" "Mozilla/5.0 (Macintosh; Intel Mac OS X 10_13_6) AppleWebKit/537.36 (KHTML, like Gecko) Chrome/75.0.3770.142 Safari/537.36" 19
0:0:0:0:0:0:0:1 - - [18/Jul/2019:13:27:49 +0530] "POST /account/shikher1/create HTTP/1.1" 200 121 "http://localhost:29000/swagger" "Mozilla/5.0 (Macintosh; Intel Mac OS X 10_13_6) AppleWebKit/537.36 (KHTML, like Gecko) Chrome/75.0.3770.142 Safari/537.36" 3
0:0:0:0:0:0:0:1 - - [18/Jul/2019:13:27:51 +0530] "POST /account/shikher2/create HTTP/1.1" 200 121 "http://localhost:29000/swagger" "Mozilla/5.0 (Macintosh; Intel Mac OS X 10_13_6) AppleWebKit/537.36 (KHTML, like Gecko) Chrome/75.0.3770.142 Safari/537.36" 3
0:0:0:0:0:0:0:1 - - [18/Jul/2019:13:28:04 +0530] "GET /user/shikher1/detailed HTTP/1.1" 200 177 "http://localhost:29000/swagger" "Mozilla/5.0 (Macintosh; Intel Mac OS X 10_13_6) AppleWebKit/537.36 (KHTML, like Gecko) Chrome/75.0.3770.142 Safari/537.36" 6
0:0:0:0:0:0:0:1 - - [18/Jul/2019:13:28:20 +0530] "GET /user/shikher2/detailed HTTP/1.1" 200 168 "http://localhost:29000/swagger" "Mozilla/5.0 (Macintosh; Intel Mac OS X 10_13_6) AppleWebKit/537.36 (KHTML, like Gecko) Chrome/75.0.3770.142 Safari/537.36" 3
0:0:0:0:0:0:0:1 - - [18/Jul/2019:13:28:50 +0530] "POST /account/AC_4329fa64-6e29-464a-937d-1a8d00ae1307/addMoney/200 HTTP/1.1" 200 123 "http://localhost:29000/swagger" "Mozilla/5.0 (Macintosh; Intel Mac OS X 10_13_6) AppleWebKit/537.36 (KHTML, like Gecko) Chrome/75.0.3770.142 Safari/537.36" 2
0:0:0:0:0:0:0:1 - - [18/Jul/2019:13:28:59 +0530] "POST /account/AC_fccdf8de-3dec-4f9f-bd59-da17012c5bd0/addMoney/100 HTTP/1.1" 200 123 "http://localhost:29000/swagger" "Mozilla/5.0 (Macintosh; Intel Mac OS X 10_13_6) AppleWebKit/537.36 (KHTML, like Gecko) Chrome/75.0.3770.142 Safari/537.36" 2
0:0:0:0:0:0:0:1 - - [18/Jul/2019:13:29:04 +0530] "POST /account/AC_cf43193c-8c80-4eda-9f98-f18c25a01609/addMoney/100 HTTP/1.1" 200 123 "http://localhost:29000/swagger" "Mozilla/5.0 (Macintosh; Intel Mac OS X 10_13_6) AppleWebKit/537.36 (KHTML, like Gecko) Chrome/75.0.3770.142 Safari/537.36" 3
0:0:0:0:0:0:0:1 - - [18/Jul/2019:13:31:05 +0530] "GET /user/shikher2/detailed HTTP/1.1" 200 170 "http://localhost:29000/swagger" "Mozilla/5.0 (Macintosh; Intel Mac OS X 10_13_6) AppleWebKit/537.36 (KHTML, like Gecko) Chrome/75.0.3770.142 Safari/537.36" 2
0:0:0:0:0:0:0:1 - - [18/Jul/2019:13:31:08 +0530] "GET /user/shikher1/detailed HTTP/1.1" 200 179 "http://localhost:29000/swagger" "Mozilla/5.0 (Macintosh; Intel Mac OS X 10_13_6) AppleWebKit/537.36 (KHTML, like Gecko) Chrome/75.0.3770.142 Safari/537.36" 3
0:0:0:0:0:0:0:1 - - [18/Jul/2019:13:31:29 +0530] "GET /user/shikher2/detailed HTTP/1.1" 200 170 "http://localhost:29000/swagger" "Mozilla/5.0 (Macintosh; Intel Mac OS X 10_13_6) AppleWebKit/537.36 (KHTML, like Gecko) Chrome/75.0.3770.142 Safari/537.36" 2
0:0:0:0:0:0:0:1 - - [18/Jul/2019:13:32:05 +0530] "POST /account/AC_4329fa64-6e29-464a-937d-1a8d00ae1307/transferMoney/AC_fccdf8de-3dec-4f9f-bd59-da17012c5bd0/50 HTTP/1.1" 200 212 "http://localhost:29000/swagger" "Mozilla/5.0 (Macintosh; Intel Mac OS X 10_13_6) AppleWebKit/537.36 (KHTML, like Gecko) Chrome/75.0.3770.142 Safari/537.36" 7
0:0:0:0:0:0:0:1 - - [18/Jul/2019:13:32:13 +0530] "POST /account/AC_4329fa64-6e29-464a-937d-1a8d00ae1307/transferMoney/AC_cf43193c-8c80-4eda-9f98-f18c25a01609/70 HTTP/1.1" 200 212 "http://localhost:29000/swagger" "Mozilla/5.0 (Macintosh; Intel Mac OS X 10_13_6) AppleWebKit/537.36 (KHTML, like Gecko) Chrome/75.0.3770.142 Safari/537.36" 3
0:0:0:0:0:0:0:1 - - [18/Jul/2019:13:32:28 +0530] "POST /account/AC_4329fa64-6e29-464a-937d-1a8d00ae1307/transferMoney/AC_fccdf8de-3dec-4f9f-bd59-da17012c5bd0/100 HTTP/1.1" 500 211 "http://localhost:29000/swagger" "Mozilla/5.0 (Macintosh; Intel Mac OS X 10_13_6) AppleWebKit/537.36 (KHTML, like Gecko) Chrome/75.0.3770.142 Safari/537.36" 11
0:0:0:0:0:0:0:1 - - [18/Jul/2019:13:32:47 +0530] "POST /account/AC_4329fa64-6e29-464a-937d-1a8d00ae1307/transferMoney/AC_fccdf8de-3dec-4f9f-bd59-da17012c5bd0/80 HTTP/1.1" 200 212 "http://localhost:29000/swagger" "Mozilla/5.0 (Macintosh; Intel Mac OS X 10_13_6) AppleWebKit/537.36 (KHTML, like Gecko) Chrome/75.0.3770.142 Safari/537.36" 2
0:0:0:0:0:0:0:1 - - [18/Jul/2019:13:34:08 +0530] "GET /user/shikher2/detailed HTTP/1.1" 200 168 "http://localhost:29000/swagger" "Mozilla/5.0 (Macintosh; Intel Mac OS X 10_13_6) AppleWebKit/537.36 (KHTML, like Gecko) Chrome/75.0.3770.142 Safari/537.36" 2
0:0:0:0:0:0:0:1 - - [18/Jul/2019:13:34:16 +0530] "GET /user/shikher1/detailed HTTP/1.1" 200 182 "http://localhost:29000/swagger" "Mozilla/5.0 (Macintosh; Intel Mac OS X 10_13_6) AppleWebKit/537.36 (KHTML, like Gecko) Chrome/75.0.3770.142 Safari/537.36" 2
0:0:0:0:0:0:0:1 - - [18/Jul/2019:13:34:41 +0530] "GET /user/shikher1/transactions/10 HTTP/1.1" 500 110 "http://localhost:29000/swagger" "Mozilla/5.0 (Macintosh; Intel Mac OS X 10_13_6) AppleWebKit/537.36 (KHTML, like Gecko) Chrome/75.0.3770.142 Safari/537.36" 11
0:0:0:0:0:0:0:1 - - [18/Jul/2019:13:35:48 +0530] "POST /user/shikher2/create HTTP/1.1" 200 36 "http://localhost:29000/swagger" "Mozilla/5.0 (Macintosh; Intel Mac OS X 10_13_6) AppleWebKit/537.36 (KHTML, like Gecko) Chrome/75.0.3770.142 Safari/537.36" 192
0:0:0:0:0:0:0:1 - - [18/Jul/2019:13:35:52 +0530] "POST /user/shikher1/create HTTP/1.1" 200 36 "http://localhost:29000/swagger" "Mozilla/5.0 (Macintosh; Intel Mac OS X 10_13_6) AppleWebKit/537.36 (KHTML, like Gecko) Chrome/75.0.3770.142 Safari/537.36" 3
0:0:0:0:0:0:0:1 - - [18/Jul/2019:13:35:59 +0530] "POST /account/shikher1/create HTTP/1.1" 200 121 "http://localhost:29000/swagger" "Mozilla/5.0 (Macintosh; Intel Mac OS X 10_13_6) AppleWebKit/537.36 (KHTML, like Gecko) Chrome/75.0.3770.142 Safari/537.36" 20
0:0:0:0:0:0:0:1 - - [18/Jul/2019:13:36:01 +0530] "POST /account/shikher2/create HTTP/1.1" 200 121 "http://localhost:29000/swagger" "Mozilla/5.0 (Macintosh; Intel Mac OS X 10_13_6) AppleWebKit/537.36 (KHTML, like Gecko) Chrome/75.0.3770.142 Safari/537.36" 3
0:0:0:0:0:0:0:1 - - [18/Jul/2019:13:36:06 +0530] "GET /user/shikher1/detailed HTTP/1.1" 200 168 "http://localhost:29000/swagger" "Mozilla/5.0 (Macintosh; Intel Mac OS X 10_13_6) AppleWebKit/537.36 (KHTML, like Gecko) Chrome/75.0.3770.142 Safari/537.36" 9
0:0:0:0:0:0:0:1 - - [18/Jul/2019:13:36:13 +0530] "GET /user/shikher2/detailed HTTP/1.1" 200 168 "http://localhost:29000/swagger" "Mozilla/5.0 (Macintosh; Intel Mac OS X 10_13_6) AppleWebKit/537.36 (KHTML, like Gecko) Chrome/75.0.3770.142 Safari/537.36" 2
0:0:0:0:0:0:0:1 - - [18/Jul/2019:13:36:23 +0530] "POST /account/AC_8b847456-b892-40aa-8dc8-21caf3bd77b2/addMoney/100 HTTP/1.1" 200 123 "http://localhost:29000/swagger" "Mozilla/5.0 (Macintosh; Intel Mac OS X 10_13_6) AppleWebKit/537.36 (KHTML, like Gecko) Chrome/75.0.3770.142 Safari/537.36" 3
0:0:0:0:0:0:0:1 - - [18/Jul/2019:13:36:29 +0530] "POST /account/AC_e69f304f-770a-4587-b751-50d314e6157f/addMoney/200 HTTP/1.1" 200 123 "http://localhost:29000/swagger" "Mozilla/5.0 (Macintosh; Intel Mac OS X 10_13_6) AppleWebKit/537.36 (KHTML, like Gecko) Chrome/75.0.3770.142 Safari/537.36" 3
0:0:0:0:0:0:0:1 - - [18/Jul/2019:13:36:46 +0530] "POST /account/AC_e69f304f-770a-4587-b751-50d314e6157f/transferMoney/AC_8b847456-b892-40aa-8dc8-21caf3bd77b2/100 HTTP/1.1" 200 213 "http://localhost:29000/swagger" "Mozilla/5.0 (Macintosh; Intel Mac OS X 10_13_6) AppleWebKit/537.36 (KHTML, like Gecko) Chrome/75.0.3770.142 Safari/537.36" 6
0:0:0:0:0:0:0:1 - - [18/Jul/2019:13:36:48 +0530] "POST /account/AC_e69f304f-770a-4587-b751-50d314e6157f/transferMoney/AC_8b847456-b892-40aa-8dc8-21caf3bd77b2/200 HTTP/1.1" 500 211 "http://localhost:29000/swagger" "Mozilla/5.0 (Macintosh; Intel Mac OS X 10_13_6) AppleWebKit/537.36 (KHTML, like Gecko) Chrome/75.0.3770.142 Safari/537.36" 11
0:0:0:0:0:0:0:1 - - [18/Jul/2019:13:36:52 +0530] "POST /account/AC_e69f304f-770a-4587-b751-50d314e6157f/transferMoney/AC_8b847456-b892-40aa-8dc8-21caf3bd77b2/100 HTTP/1.1" 200 213 "http://localhost:29000/swagger" "Mozilla/5.0 (Macintosh; Intel Mac OS X 10_13_6) AppleWebKit/537.36 (KHTML, like Gecko) Chrome/75.0.3770.142 Safari/537.36" 2
0:0:0:0:0:0:0:1 - - [18/Jul/2019:13:37:03 +0530] "GET /user/shikher2/detailed HTTP/1.1" 200 170 "http://localhost:29000/swagger" "Mozilla/5.0 (Macintosh; Intel Mac OS X 10_13_6) AppleWebKit/537.36 (KHTML, like Gecko) Chrome/75.0.3770.142 Safari/537.36" 3
0:0:0:0:0:0:0:1 - - [18/Jul/2019:13:37:07 +0530] "GET /user/shikher1/detailed HTTP/1.1" 200 168 "http://localhost:29000/swagger" "Mozilla/5.0 (Macintosh; Intel Mac OS X 10_13_6) AppleWebKit/537.36 (KHTML, like Gecko) Chrome/75.0.3770.142 Safari/537.36" 3
0:0:0:0:0:0:0:1 - - [18/Jul/2019:13:37:16 +0530] "GET /user/shikher1/transactions/10 HTTP/1.1" 200 193 "http://localhost:29000/swagger" "Mozilla/5.0 (Macintosh; Intel Mac OS X 10_13_6) AppleWebKit/537.36 (KHTML, like Gecko) Chrome/75.0.3770.142 Safari/537.36" 11
0:0:0:0:0:0:0:1 - - [18/Jul/2019:13:37:29 +0530] "GET /user/shikher2/transactions/10 HTTP/1.1" 200 195 "http://localhost:29000/swagger" "Mozilla/5.0 (Macintosh; Intel Mac OS X 10_13_6) AppleWebKit/537.36 (KHTML, like Gecko) Chrome/75.0.3770.142 Safari/537.36" 3
0:0:0:0:0:0:0:1 - - [18/Jul/2019:13:37:31 +0530] "GET /user/shikher2/transactions/10 HTTP/1.1" 200 195 "http://localhost:29000/swagger" "Mozilla/5.0 (Macintosh; Intel Mac OS X 10_13_6) AppleWebKit/537.36 (KHTML, like Gecko) Chrome/75.0.3770.142 Safari/537.36" 2
0:0:0:0:0:0:0:1 - - [18/Jul/2019:13:37:36 +0530] "GET /user/shikher2/transactions/10 HTTP/1.1" 200 195 "http://localhost:29000/swagger" "Mozilla/5.0 (Macintosh; Intel Mac OS X 10_13_6) AppleWebKit/537.36 (KHTML, like Gecko) Chrome/75.0.3770.142 Safari/537.36" 3
0:0:0:0:0:0:0:1 - - [18/Jul/2019:13:37:37 +0530] "GET /user/shikher2/transactions/10 HTTP/1.1" 200 195 "http://localhost:29000/swagger" "Mozilla/5.0 (Macintosh; Intel Mac OS X 10_13_6) AppleWebKit/537.36 (KHTML, like Gecko) Chrome/75.0.3770.142 Safari/537.36" 2
0:0:0:0:0:0:0:1 - - [18/Jul/2019:13:37:37 +0530] "GET /user/shikher2/transactions/10 HTTP/1.1" 200 195 "http://localhost:29000/swagger" "Mozilla/5.0 (Macintosh; Intel Mac OS X 10_13_6) AppleWebKit/537.36 (KHTML, like Gecko) Chrome/75.0.3770.142 Safari/537.36" 2
0:0:0:0:0:0:0:1 - - [18/Jul/2019:13:37:37 +0530] "GET /user/shikher2/transactions/10 HTTP/1.1" 200 195 "http://localhost:29000/swagger" "Mozilla/5.0 (Macintosh; Intel Mac OS X 10_13_6) AppleWebKit/537.36 (KHTML, like Gecko) Chrome/75.0.3770.142 Safari/537.36" 2
0:0:0:0:0:0:0:1 - - [18/Jul/2019:13:37:40 +0530] "GET /user/shikher1/transactions/10 HTTP/1.1" 200 193 "http://localhost:29000/swagger" "Mozilla/5.0 (Macintosh; Intel Mac OS X 10_13_6) AppleWebKit/537.36 (KHTML, like Gecko) Chrome/75.0.3770.142 Safari/537.36" 2
0:0:0:0:0:0:0:1 - - [18/Jul/2019:13:37:58 +0530] "POST /account/AC_e69f304f-770a-4587-b751-50d314e6157f/transferMoney/AC_8b847456-b892-40aa-8dc8-21caf3bd77b2/200 HTTP/1.1" 500 211 "http://localhost:29000/swagger" "Mozilla/5.0 (Macintosh; Intel Mac OS X 10_13_6) AppleWebKit/537.36 (KHTML, like Gecko) Chrome/75.0.3770.142 Safari/537.36" 3
0:0:0:0:0:0:0:1 - - [18/Jul/2019:13:38:12 +0530] "GET /user/shikher1/transactions/10 HTTP/1.1" 200 193 "http://localhost:29000/swagger" "Mozilla/5.0 (Macintosh; Intel Mac OS X 10_13_6) AppleWebKit/537.36 (KHTML, like Gecko) Chrome/75.0.3770.142 Safari/537.36" 2
0:0:0:0:0:0:0:1 - - [18/Jul/2019:13:38:19 +0530] "GET /user/shikher2/transactions/10 HTTP/1.1" 200 195 "http://localhost:29000/swagger" "Mozilla/5.0 (Macintosh; Intel Mac OS X 10_13_6) AppleWebKit/537.36 (KHTML, like Gecko) Chrome/75.0.3770.142 Safari/537.36" 2
0:0:0:0:0:0:0:1 - - [18/Jul/2019:13:38:49 +0530] "POST /account/AC_e69f304f-770a-4587-b751-50d314e6157f/transferMoney/AC_8b847456-b892-40aa-8dc8-21caf3bd77b2/200 HTTP/1.1" 500 211 "http://localhost:29000/swagger" "Mozilla/5.0 (Macintosh; Intel Mac OS X 10_13_6) AppleWebKit/537.36 (KHTML, like Gecko) Chrome/75.0.3770.142 Safari/537.36" 230676
0:0:0:0:0:0:0:1 - - [18/Jul/2019:13:42:59 +0530] "POST /user/shikher1/create HTTP/1.1" 200 36 "http://localhost:29000/swagger" "Mozilla/5.0 (Macintosh; Intel Mac OS X 10_13_6) AppleWebKit/537.36 (KHTML, like Gecko) Chrome/75.0.3770.142 Safari/537.36" 129
0:0:0:0:0:0:0:1 - - [18/Jul/2019:13:43:03 +0530] "POST /user/shikher2/create HTTP/1.1" 200 36 "http://localhost:29000/swagger" "Mozilla/5.0 (Macintosh; Intel Mac OS X 10_13_6) AppleWebKit/537.36 (KHTML, like Gecko) Chrome/75.0.3770.142 Safari/537.36" 3
0:0:0:0:0:0:0:1 - - [18/Jul/2019:13:43:12 +0530] "POST /account/shikher2/create HTTP/1.1" 200 121 "http://localhost:29000/swagger" "Mozilla/5.0 (Macintosh; Intel Mac OS X 10_13_6) AppleWebKit/537.36 (KHTML, like Gecko) Chrome/75.0.3770.142 Safari/537.36" 73
0:0:0:0:0:0:0:1 - - [18/Jul/2019:13:43:14 +0530] "POST /account/shikher1/create HTTP/1.1" 200 121 "http://localhost:29000/swagger" "Mozilla/5.0 (Macintosh; Intel Mac OS X 10_13_6) AppleWebKit/537.36 (KHTML, like Gecko) Chrome/75.0.3770.142 Safari/537.36" 3
0:0:0:0:0:0:0:1 - - [18/Jul/2019:13:43:27 +0530] "GET /user/shikher1/detailed HTTP/1.1" 200 168 "http://localhost:29000/swagger" "Mozilla/5.0 (Macintosh; Intel Mac OS X 10_13_6) AppleWebKit/537.36 (KHTML, like Gecko) Chrome/75.0.3770.142 Safari/537.36" 8
0:0:0:0:0:0:0:1 - - [18/Jul/2019:13:43:34 +0530] "GET /user/shikher2/detailed HTTP/1.1" 200 168 "http://localhost:29000/swagger" "Mozilla/5.0 (Macintosh; Intel Mac OS X 10_13_6) AppleWebKit/537.36 (KHTML, like Gecko) Chrome/75.0.3770.142 Safari/537.36" 2
0:0:0:0:0:0:0:1 - - [18/Jul/2019:13:43:46 +0530] "POST /account/AC_f4ce10c5-2d4c-477a-9b69-e277ff45aa8e/addMoney/200 HTTP/1.1" 200 123 "http://localhost:29000/swagger" "Mozilla/5.0 (Macintosh; Intel Mac OS X 10_13_6) AppleWebKit/537.36 (KHTML, like Gecko) Chrome/75.0.3770.142 Safari/537.36" 2
0:0:0:0:0:0:0:1 - - [18/Jul/2019:13:43:55 +0530] "POST /account/AC_2f453cd2-a7da-47b8-8c2f-3029d3459285/addMoney/100 HTTP/1.1" 200 123 "http://localhost:29000/swagger" "Mozilla/5.0 (Macintosh; Intel Mac OS X 10_13_6) AppleWebKit/537.36 (KHTML, like Gecko) Chrome/75.0.3770.142 Safari/537.36" 3
0:0:0:0:0:0:0:1 - - [18/Jul/2019:13:44:08 +0530] "POST /account/AC_2f453cd2-a7da-47b8-8c2f-3029d3459285/transferMoney/AC_f4ce10c5-2d4c-477a-9b69-e277ff45aa8e/50 HTTP/1.1" 200 212 "http://localhost:29000/swagger" "Mozilla/5.0 (Macintosh; Intel Mac OS X 10_13_6) AppleWebKit/537.36 (KHTML, like Gecko) Chrome/75.0.3770.142 Safari/537.36" 6
0:0:0:0:0:0:0:1 - - [18/Jul/2019:13:44:15 +0530] "POST /account/AC_2f453cd2-a7da-47b8-8c2f-3029d3459285/transferMoney/AC_f4ce10c5-2d4c-477a-9b69-e277ff45aa8e/100 HTTP/1.1" 500 211 "http://localhost:29000/swagger" "Mozilla/5.0 (Macintosh; Intel Mac OS X 10_13_6) AppleWebKit/537.36 (KHTML, like Gecko) Chrome/75.0.3770.142 Safari/537.36" 11
0:0:0:0:0:0:0:1 - - [18/Jul/2019:13:44:18 +0530] "POST /account/AC_2f453cd2-a7da-47b8-8c2f-3029d3459285/transferMoney/AC_f4ce10c5-2d4c-477a-9b69-e277ff45aa8e/50 HTTP/1.1" 200 212 "http://localhost:29000/swagger" "Mozilla/5.0 (Macintosh; Intel Mac OS X 10_13_6) AppleWebKit/537.36 (KHTML, like Gecko) Chrome/75.0.3770.142 Safari/537.36" 2
0:0:0:0:0:0:0:1 - - [18/Jul/2019:13:44:31 +0530] "GET /user/shikher2/detailed HTTP/1.1" 200 170 "http://localhost:29000/swagger" "Mozilla/5.0 (Macintosh; Intel Mac OS X 10_13_6) AppleWebKit/537.36 (KHTML, like Gecko) Chrome/75.0.3770.142 Safari/537.36" 3
0:0:0:0:0:0:0:1 - - [18/Jul/2019:13:44:35 +0530] "GET /user/shikher1/detailed HTTP/1.1" 200 168 "http://localhost:29000/swagger" "Mozilla/5.0 (Macintosh; Intel Mac OS X 10_13_6) AppleWebKit/537.36 (KHTML, like Gecko) Chrome/75.0.3770.142 Safari/537.36" 3
0:0:0:0:0:0:0:1 - - [18/Jul/2019:13:44:42 +0530] "GET /user/shikher2/transactions/10 HTTP/1.1" 200 224 "http://localhost:29000/swagger" "Mozilla/5.0 (Macintosh; Intel Mac OS X 10_13_6) AppleWebKit/537.36 (KHTML, like Gecko) Chrome/75.0.3770.142 Safari/537.36" 14
0:0:0:0:0:0:0:1 - - [18/Jul/2019:13:44:57 +0530] "GET /user/shikher1/transactions/10 HTTP/1.1" 200 273 "http://localhost:29000/swagger" "Mozilla/5.0 (Macintosh; Intel Mac OS X 10_13_6) AppleWebKit/537.36 (KHTML, like Gecko) Chrome/75.0.3770.142 Safari/537.36" 3
0:0:0:0:0:0:0:1 - - [18/Jul/2019:13:45:28 +0530] "POST /account/shikher1/create HTTP/1.1" 200 121 "http://localhost:29000/swagger" "Mozilla/5.0 (Macintosh; Intel Mac OS X 10_13_6) AppleWebKit/537.36 (KHTML, like Gecko) Chrome/75.0.3770.142 Safari/537.36" 2
0:0:0:0:0:0:0:1 - - [18/Jul/2019:13:45:38 +0530] "GET /user/shikher1/detailed HTTP/1.1" 200 178 "http://localhost:29000/swagger" "Mozilla/5.0 (Macintosh; Intel Mac OS X 10_13_6) AppleWebKit/537.36 (KHTML, like Gecko) Chrome/75.0.3770.142 Safari/537.36" 3
0:0:0:0:0:0:0:1 - - [18/Jul/2019:13:46:12 +0530] "POST /account/AC_3e8305fc-f7c9-4ec6-a211-81edf4546e54/addMoney/300 HTTP/1.1" 200 123 "http://localhost:29000/swagger" "Mozilla/5.0 (Macintosh; Intel Mac OS X 10_13_6) AppleWebKit/537.36 (KHTML, like Gecko) Chrome/75.0.3770.142 Safari/537.36" 2
0:0:0:0:0:0:0:1 - - [18/Jul/2019:13:46:29 +0530] "POST /account/AC_3e8305fc-f7c9-4ec6-a211-81edf4546e54/transferMoney/AC_2f453cd2-a7da-47b8-8c2f-3029d3459285/50 HTTP/1.1" 200 212 "http://localhost:29000/swagger" "Mozilla/5.0 (Macintosh; Intel Mac OS X 10_13_6) AppleWebKit/537.36 (KHTML, like Gecko) Chrome/75.0.3770.142 Safari/537.36" 2
0:0:0:0:0:0:0:1 - - [18/Jul/2019:13:46:37 +0530] "GET /user/shikher1/detailed HTTP/1.1" 200 182 "http://localhost:29000/swagger" "Mozilla/5.0 (Macintosh; Intel Mac OS X 10_13_6) AppleWebKit/537.36 (KHTML, like Gecko) Chrome/75.0.3770.142 Safari/537.36" 2
0:0:0:0:0:0:0:1 - - [18/Jul/2019:13:46:55 +0530] "GET /user/shikher1/transactions/10 HTTP/1.1" 200 339 "http://localhost:29000/swagger" "Mozilla/5.0 (Macintosh; Intel Mac OS X 10_13_6) AppleWebKit/537.36 (KHTML, like Gecko) Chrome/75.0.3770.142 Safari/537.36" 2
0:0:0:0:0:0:0:1 - - [18/Jul/2019:13:47:53 +0530] "GET /user/shikher1/transactions/2 HTTP/1.1" 200 339 "http://localhost:29000/swagger" "Mozilla/5.0 (Macintosh; Intel Mac OS X 10_13_6) AppleWebKit/537.36 (KHTML, like Gecko) Chrome/75.0.3770.142 Safari/537.36" 3
0:0:0:0:0:0:0:1 - - [18/Jul/2019:13:47:59 +0530] "GET /user/shikher1/transactions/2 HTTP/1.1" 200 339 "http://localhost:29000/swagger" "Mozilla/5.0 (Macintosh; Intel Mac OS X 10_13_6) AppleWebKit/537.36 (KHTML, like Gecko) Chrome/75.0.3770.142 Safari/537.36" 2
0:0:0:0:0:0:0:1 - - [18/Jul/2019:13:48:19 +0530] "GET /user/shikher1/transactions/2 HTTP/1.1" 200 339 "http://localhost:29000/swagger" "Mozilla/5.0 (Macintosh; Intel Mac OS X 10_13_6) AppleWebKit/537.36 (KHTML, like Gecko) Chrome/75.0.3770.142 Safari/537.36" 19922
0:0:0:0:0:0:0:1 - - [18/Jul/2019:13:48:47 +0530] "GET /user/shikher1/transactions/2 HTTP/1.1" 200 339 "http://localhost:29000/swagger" "Mozilla/5.0 (Macintosh; Intel Mac OS X 10_13_6) AppleWebKit/537.36 (KHTML, like Gecko) Chrome/75.0.3770.142 Safari/537.36" 8918
0:0:0:0:0:0:0:1 - - [18/Jul/2019:13:49:01 +0530] "GET /swagger HTTP/1.1" 200 917 "-" "Mozilla/5.0 (Macintosh; Intel Mac OS X 10_13_6) AppleWebKit/537.36 (KHTML, like Gecko) Chrome/75.0.3770.142 Safari/537.36" 186
0:0:0:0:0:0:0:1 - - [18/Jul/2019:13:49:01 +0530] "GET /swagger-static/favicon-32x32.png HTTP/1.1" 200 628 "http://localhost:29000/swagger" "Mozilla/5.0 (Macintosh; Intel Mac OS X 10_13_6) AppleWebKit/537.36 (KHTML, like Gecko) Chrome/75.0.3770.142 Safari/537.36" 19
0:0:0:0:0:0:0:1 - - [18/Jul/2019:13:49:01 +0530] "GET /swagger.json HTTP/1.1" 200 1155 "http://localhost:29000/swagger" "Mozilla/5.0 (Macintosh; Intel Mac OS X 10_13_6) AppleWebKit/537.36 (KHTML, like Gecko) Chrome/75.0.3770.142 Safari/537.36" 86
0:0:0:0:0:0:0:1 - - [18/Jul/2019:13:49:15 +0530] "GET /user/shikher1/transactions/2 HTTP/1.1" 200 339 "http://localhost:29000/swagger" "Mozilla/5.0 (Macintosh; Intel Mac OS X 10_13_6) AppleWebKit/537.36 (KHTML, like Gecko) Chrome/75.0.3770.142 Safari/537.36" 2
0:0:0:0:0:0:0:1 - - [18/Jul/2019:14:41:14 +0530] "GET /swagger HTTP/1.1" 200 917 "-" "Mozilla/5.0 (Macintosh; Intel Mac OS X 10_13_6) AppleWebKit/537.36 (KHTML, like Gecko) Chrome/75.0.3770.142 Safari/537.36" 332
0:0:0:0:0:0:0:1 - - [18/Jul/2019:14:41:15 +0530] "GET /swagger.json HTTP/1.1" 200 1157 "http://localhost:29000/swagger" "Mozilla/5.0 (Macintosh; Intel Mac OS X 10_13_6) AppleWebKit/537.36 (KHTML, like Gecko) Chrome/75.0.3770.142 Safari/537.36" 110
0:0:0:0:0:0:0:1 - - [18/Jul/2019:14:41:21 +0530] "GET /swagger HTTP/1.1" 200 917 "-" "Mozilla/5.0 (Macintosh; Intel Mac OS X 10_13_6) AppleWebKit/537.36 (KHTML, like Gecko) Chrome/75.0.3770.142 Safari/537.36" 3
0:0:0:0:0:0:0:1 - - [18/Jul/2019:14:41:22 +0530] "GET /swagger.json HTTP/1.1" 200 1157 "http://localhost:29000/swagger" "Mozilla/5.0 (Macintosh; Intel Mac OS X 10_13_6) AppleWebKit/537.36 (KHTML, like Gecko) Chrome/75.0.3770.142 Safari/537.36" 17
